Line 20: Class BraiDRepeater.BraiDRepeaterX of control BraiDRepeaterX2 was not a loaded control class.
Line 345: Class BraiDRepeater.BraiDRepeaterX of control BraiDRepeaterX1 was not a loaded control class.
Line 26: The property name Active in BraiDRepeaterX2 is invalid.
Line 27: The property name a0NumberLine in BraiDRepeaterX2 is invalid.
Line 28: The property name a1DDDLocal in BraiDRepeaterX2 is invalid.
Line 29: The property name a2PlugInPath in BraiDRepeaterX2 is invalid.
Line 30: The property name a3Remote_IP in BraiDRepeaterX2 is invalid.
Line 31: The property name a4Remote_Port in BraiDRepeaterX2 is invalid.
Line 32: The property name a5Local_Port in BraiDRepeaterX2 is invalid.
Line 33: The property name a6Local_IP in BraiDRepeaterX2 is invalid.
Line 34: The property name a7Calling in BraiDRepeaterX2 is invalid.
Line 35: The property name a8InternetAcess in BraiDRepeaterX2 is invalid.
Line 36: The property name a9HostBraiD in BraiDRepeaterX2 is invalid.
Line 37: The property name AutoComplete in BraiDRepeaterX2 is invalid.
Line 38: The property name AutoDropDown in BraiDRepeaterX2 is invalid.
Line 39: The property name AutoCloseUp in BraiDRepeaterX2 is invalid.
Line 40: The property name BevelInner in BraiDRepeaterX2 is invalid.
Line 41: The property name BevelKind in BraiDRepeaterX2 is invalid.
Line 42: The property name BevelOuter in BraiDRepeaterX2 is invalid.
Line 43: The property name Style in BraiDRepeaterX2 is invalid.
Line 44: The property name CharCase in BraiDRepeaterX2 is invalid.
Line 45: The property name Color in BraiDRepeaterX2 is invalid.
Line 46: The property name Ctl3D in BraiDRepeaterX2 is invalid.
Line 47: The property name DragCursor in BraiDRepeaterX2 is invalid.
Line 48: The property name Object.DragMode in BraiDRepeaterX2 is invalid.
Line 49: The property name DropDownCount in BraiDRepeaterX2 is invalid.
Line 61: The property name ImeName in BraiDRepeaterX2 is invalid.
Line 62: The property name ItemHeight in BraiDRepeaterX2 is invalid.
Line 63: The property name ItemIndex in BraiDRepeaterX2 is invalid.
Line 64: The property name MaxLength in BraiDRepeaterX2 is invalid.
Line 65: The property name ParentColor in BraiDRepeaterX2 is invalid.
Line 66: The property name ParentCtl3D in BraiDRepeaterX2 is invalid.
Line 67: The property name Sorted in BraiDRepeaterX2 is invalid.
Line 68: The property name Text in BraiDRepeaterX2 is invalid.
Line 69: The property name Object.Visible in BraiDRepeaterX2 is invalid.
Line 70: The property name SelText in BraiDRepeaterX2 is invalid.
Line 71: The property name DroppedDown in BraiDRepeaterX2 is invalid.
Line 72: The property name SelLength in BraiDRepeaterX2 is invalid.
Line 73: The property name SelStart in BraiDRepeaterX2 is invalid.
Line 74: The property name DoubleBuffered in BraiDRepeaterX2 is invalid.
Line 351: The property name Active in BraiDRepeaterX1 is invalid.
Line 352: The property name a0NumberLine in BraiDRepeaterX1 is invalid.
Line 353: The property name a1DDDLocal in BraiDRepeaterX1 is invalid.
Line 354: The property name a2PlugInPath in BraiDRepeaterX1 is invalid.
Line 355: The property name a3Remote_IP in BraiDRepeaterX1 is invalid.
Line 356: The property name a4Remote_Port in BraiDRepeaterX1 is invalid.
Line 357: The property name a5Local_Port in BraiDRepeaterX1 is invalid.
Line 358: The property name a6Local_IP in BraiDRepeaterX1 is invalid.
Line 359: The property name a7Calling in BraiDRepeaterX1 is invalid.
Line 360: The property name a8InternetAcess in BraiDRepeaterX1 is invalid.
Line 361: The property name a9HostBraiD in BraiDRepeaterX1 is invalid.
Line 362: The property name AutoComplete in BraiDRepeaterX1 is invalid.
Line 363: The property name AutoDropDown in BraiDRepeaterX1 is invalid.
Line 364: The property name AutoCloseUp in BraiDRepeaterX1 is invalid.
Line 365: The property name BevelInner in BraiDRepeaterX1 is invalid.
Line 366: The property name BevelKind in BraiDRepeaterX1 is invalid.
Line 367: The property name BevelOuter in BraiDRepeaterX1 is invalid.
Line 368: The property name Style in BraiDRepeaterX1 is invalid.
Line 369: The property name CharCase in BraiDRepeaterX1 is invalid.
Line 370: The property name Color in BraiDRepeaterX1 is invalid.
Line 371: The property name Ctl3D in BraiDRepeaterX1 is invalid.
Line 372: The property name DragCursor in BraiDRepeaterX1 is invalid.
Line 373: The property name Object.DragMode in BraiDRepeaterX1 is invalid.
Line 374: The property name DropDownCount in BraiDRepeaterX1 is invalid.
Line 386: The property name ImeName in BraiDRepeaterX1 is invalid.
Line 387: The property name ItemHeight in BraiDRepeaterX1 is invalid.
Line 388: The property name ItemIndex in BraiDRepeaterX1 is invalid.
Line 389: The property name MaxLength in BraiDRepeaterX1 is invalid.
Line 390: The property name ParentColor in BraiDRepeaterX1 is invalid.
Line 391: The property name ParentCtl3D in BraiDRepeaterX1 is invalid.
Line 392: The property name Sorted in BraiDRepeaterX1 is invalid.
Line 393: The property name Text in BraiDRepeaterX1 is invalid.
Line 394: The property name Object.Visible in BraiDRepeaterX1 is invalid.
Line 395: The property name SelText in BraiDRepeaterX1 is invalid.
Line 396: The property name DroppedDown in BraiDRepeaterX1 is invalid.
Line 397: The property name SelLength in BraiDRepeaterX1 is invalid.
Line 398: The property name SelStart in BraiDRepeaterX1 is invalid.
Line 399: The property name DoubleBuffered in BraiDRepeaterX1 is invalid.
